<?xml version="1.0" encoding="UTF-8"?>
<!-- Generated by org.testng.reporters.JUnitReportReporter -->
<testsuite hostname="DESKTOP-09IB0QD" failures="0" tests="1" name="com.selenium.code.locator.TestNGDemo" time="14.158" errors="0" timestamp="2023-06-04T17:31:58 IST" skipped="0">
  <testcase classname="com.selenium.code.locator.TestNGDemo" name="verifyTitlePage" time="14.158"/>
  <system-out/>
</testsuite> <!-- com.selenium.code.locator.TestNGDemo -->
